<?xml version="1.0" encoding="UTF-8"?>
<!-- Generated by org.testng.reporters.JUnitReportReporter -->
<testsuite skipped="0" hostname="BLR-LT-021" name="com.Test.TestCase1" tests="1" failures="0" timestamp="14 Jan 2018 11:20:27 GMT" time="160.076" errors="0">
  <testcase name="createNewCptyGeneraltab" time="160.076" classname="com.Test.TestCase1"/>
</testsuite> <!-- com.Test.TestCase1 -->
