<?xml version="1.0" encoding="UTF-8"?>
<!-- Generated by org.testng.reporters.JUnitReportReporter -->
<testsuite skipped="0" hostname="BLR-LT-021" name="com.Test.TestCase1" tests="1" failures="0" timestamp="15 Jan 2018 09:53:46 GMT" time="156.221" errors="0">
  <testcase name="createNewCptyGeneraltab" time="156.221" classname="com.Test.TestCase1"/>
</testsuite> <!-- com.Test.TestCase1 -->
