<?xml version="1.0" encoding="UTF-8"?>
<!-- Generated by org.testng.reporters.JUnitReportReporter -->
<testsuite name="com.Test.TestCase1" tests="1" time="25.996" ignored="0" failures="0" timestamp="08 Jan 2018 08:05:32 GMT" skipped="0" hostname="BLR-LT-021" errors="0">
  <testcase name="createNewCptyGeneraltab" time="25.996" classname="com.Test.TestCase1"/>
</testsuite> <!-- com.Test.TestCase1 -->
